<?xml version="1.0" encoding="UTF-8"?>
<!-- Generated by org.testng.reporters.JUnitReportReporter -->
<testsuite hostname="DESKTOP-MATN0N1" failures="0" tests="1" name="com.testpkg.LoginPage" time="2.251" errors="0" timestamp="2021-12-25T00:12:35 IST" skipped="0">
  <testcase classname="com.testpkg.LoginPage" name="Login" time="2.251"/>
  <system-out/>
</testsuite> <!-- com.testpkg.LoginPage -->
